2024-10-14 10:00:00 INFO normal 0
2024-10-14 10:00:02 INFO normal 1
2024-10-14 10:00:04 INFO normal 2
2024-10-14 10:00:06 INFO normal 3
2024-10-14 10:00:08 INFO normal 4
2024-10-14 10:00:10 INFO normal 5
2024-10-14 10:00:12 INFO normal 6
2024-10-14 10:00:14 INFO normal 7
2024-10-14 10:00:16 INFO normal 8
2024-10-14 10:00:18 INFO normal 9
2024-10-14 10:01:40 WARN connection reset
2024-10-14 10:01:42 INFO recovering...
2024-10-14 10:01:44 INFO recovering...
2024-10-14 10:01:46 INFO recovering...
2024-10-14 10:01:48 INFO recovering...
2024-10-14 10:01:50 INFO recovering...
2024-10-14 10:10:10 ERROR timeout occurred
2024-10-14 10:10:12 INFO back online
2024-10-14 10:10:14 INFO back online
2024-10-14 10:10:16 INFO back online
2024-10-14 10:10:18 INFO back online
2024-10-14 10:10:20 INFO back online
2024-10-14 11:17:00 CRITICAL system crash recovery
